<?xml version="1.0" encoding="UTF-8"?>
<!-- Generated by org.testng.reporters.JUnitReportReporter -->
<testsuite skipped="0" hostname="DESKTOP-465466G" name="Luma.us.runner.MyRunner" tests="1" failures="0" timestamp="17 Dec 2022 20:33:28 GMT" time="21.391" errors="0">
  <testcase name="runScenario" time="21.391" classname="Luma.us.runner.MyRunner"/>
</testsuite> <!-- Luma.us.runner.MyRunner -->
